[debug] [2025-05-18T17:22:02.009Z] ----------------------------------------------------------------------
[debug] [2025-05-18T17:22:02.014Z] Command:       C:\Program Files\nodejs\node.exe C:\Users\LENOVO\AppData\Roaming\npm\node_modules\firebase-tools\lib\bin\firebase.js init
[debug] [2025-05-18T17:22:02.014Z] CLI Version:   13.29.1
[debug] [2025-05-18T17:22:02.014Z] Platform:      win32
[debug] [2025-05-18T17:22:02.015Z] Node Version:  v22.14.0
[debug] [2025-05-18T17:22:02.015Z] Time:          Mon May 19 2025 01:22:02 GMT+0800 (Malaysia Time)
[debug] [2025-05-18T17:22:02.015Z] ----------------------------------------------------------------------
[debug] 
[debug] [2025-05-18T17:22:02.025Z] >>> [apiv2][query] GET https://firebase-public.firebaseio.com/cli.json [none]
[debug] [2025-05-18T17:22:02.077Z] > command requires scopes: ["email","openid","https://www.googleapis.com/auth/cloudplatformprojects.readonly","https://www.googleapis.com/auth/firebase","https://www.googleapis.com/auth/cloud-platform"]
[debug] [2025-05-18T17:22:02.077Z] > authorizing via signed-in user (prjcthj123@gmail.com)
[info] 
     ######## #### ########  ######## ########     ###     ######  ########
     ##        ##  ##     ## ##       ##     ##  ##   ##  ##       ##
     ######    ##  ########  ######   ########  #########  ######  ######
     ##        ##  ##    ##  ##       ##     ## ##     ##       ## ##
     ##       #### ##     ## ######## ########  ##     ##  ######  ########

You're about to initialize a Firebase project in this directory:

  C:\Users\LENOVO\OneDrive\Documents\GitHub\next-ecom-admin

[debug] [2025-05-18T17:22:03.111Z] <<< [apiv2][status] GET https://firebase-public.firebaseio.com/cli.json 200
[debug] [2025-05-18T17:22:03.111Z] <<< [apiv2][body] GET https://firebase-public.firebaseio.com/cli.json {"cloudBuildErrorAfter":1594252800000,"cloudBuildWarnAfter":1590019200000,"defaultNode10After":1594252800000,"minVersion":"3.0.5","node8DeploysDisabledAfter":1613390400000,"node8RuntimeDisabledAfter":1615809600000,"node8WarnAfter":1600128000000}
